<?xml version="1.0" encoding="UTF-8"?>
<!-- Generated by org.testng.reporters.JUnitXMLReporter -->
<testsuite ignored="0" hostname="MUTHULAKSHMI" failures="0" tests="3" name="Test1" time="7.009" errors="0" timestamp="2024-12-05T10:15:17 IST">
  <testcase classname="TestNgSessions.TestNgAnnotationsTest" name="testingTwo" time="0.01"/>
  <testcase classname="TestNgSessions.TestNgAnnotationsTest" name="testingOne" time="6.908"/>
  <testcase classname="TestNgSessions.TestNgAnnotationsTest" name="testingThree" time="0.003"/>
</testsuite> <!-- Test1 -->
